{"name": "test_product_view_sku", "status": "broken", "statusDetails": {"message": "selenium.common.exceptions.NoSuchElementException: Message: no such element: Unable to locate element: {\"method\":\"css selector\",\"selector\":\"[class*='tab-featured active']\"}\n  (Session info: chrome=128.0.6613.85); For documentation on this error, please visit: https://www.selenium.dev/documentation/webdriver/troubleshooting/errors#no-such-element-exception\nStacktrace:\n\tGetHandleVerifier [0x00007FF68F0AB632+29090]\n\t(No symbol) [0x00007FF68F01E6E9]\n\t(No symbol) [0x00007FF68EEDB1CA]\n\t(No symbol) [0x00007FF68EF2EFD7]\n\t(No symbol) [0x00007FF68EF2F22C]\n\t(No symbol) [0x00007FF68EF797F7]\n\t(No symbol) [0x00007FF68EF5672F]\n\t(No symbol) [0x00007FF68EF765D9]\n\t(No symbol) [0x00007FF68EF56493]\n\t(No symbol) [0x00007FF68EF209B1]\n\t(No symbol) [0x00007FF68EF21B11]\n\tGetHandleVerifier [0x00007FF68F3C881D+3294093]\n\tGetHandleVerifier [0x00007FF68F414403+3604339]\n\tGetHandleVerifier [0x00007FF68F40A2C7+3563063]\n\tGetHandleVerifier [0x00007FF68F166F16+797318]\n\t(No symbol) [0x00007FF68F02986F]\n\t(No symbol) [0x00007FF68F025454]\n\t(No symbol) [0x00007FF68F0255E0]\n\t(No symbol) [0x00007FF68F014A7F]\n\tBaseThreadInitThunk [0x00007FF955407374+20]\n\tRtlUserThreadStart [0x00007FF95695CC91+33]", "trace": "tests\\test_first.py:30: in test_product_view_sku\n    tab_best_active = driver.find_element(by=By.CSS_SELECTOR, value=\"[class*='tab-featured active']\")\n        chrome_options = <selenium.webdriver.chrome.options.Options object at 0x000001B242C509B0>\n        driver     = <selenium.webdriver.chrome.webdriver.WebDriver (session=\"a478d69953b3255a4ae03351618ebe34\")>\n        service    = <selenium.webdriver.chrome.service.Service object at 0x000001B2421C3920>\nenv\\Lib\\site-packages\\selenium\\webdriver\\remote\\webdriver.py:748: in find_element\n    return self.execute(Command.FIND_ELEMENT, {\"using\": by, \"value\": value})[\"value\"]\n        by         = 'css selector'\n        self       = <selenium.webdriver.chrome.webdriver.WebDriver (session=\"a478d69953b3255a4ae03351618ebe34\")>\n        value      = \"[class*='tab-featured active']\"\nenv\\Lib\\site-packages\\selenium\\webdriver\\remote\\webdriver.py:354: in execute\n    self.error_handler.check_response(response)\n        driver_command = 'findElement'\n        params     = {'using': 'css selector', 'value': \"[class*='tab-featured active']\"}\n        response   = {'status': 404, 'value': '{\"value\":{\"error\":\"no such element\",\"message\":\"no such element: Unable to locate element: {\\...07FF68F014A7F]\\\\n\\\\tBaseThreadInitThunk [0x00007FF955407374+20]\\\\n\\\\tRtlUserThreadStart [0x00007FF95695CC91+33]\\\\n\"}}'}\n        self       = <selenium.webdriver.chrome.webdriver.WebDriver (session=\"a478d69953b3255a4ae03351618ebe34\")>\nenv\\Lib\\site-packages\\selenium\\webdriver\\remote\\errorhandler.py:229: in check_response\n    raise exception_class(message, screen, stacktrace)\nE   selenium.common.exceptions.NoSuchElementException: Message: no such element: Unable to locate element: {\"method\":\"css selector\",\"selector\":\"[class*='tab-featured active']\"}\nE     (Session info: chrome=128.0.6613.85); For documentation on this error, please visit: https://www.selenium.dev/documentation/webdriver/troubleshooting/errors#no-such-element-exception\nE   Stacktrace:\nE   \tGetHandleVerifier [0x00007FF68F0AB632+29090]\nE   \t(No symbol) [0x00007FF68F01E6E9]\nE   \t(No symbol) [0x00007FF68EEDB1CA]\nE   \t(No symbol) [0x00007FF68EF2EFD7]\nE   \t(No symbol) [0x00007FF68EF2F22C]\nE   \t(No symbol) [0x00007FF68EF797F7]\nE   \t(No symbol) [0x00007FF68EF5672F]\nE   \t(No symbol) [0x00007FF68EF765D9]\nE   \t(No symbol) [0x00007FF68EF56493]\nE   \t(No symbol) [0x00007FF68EF209B1]\nE   \t(No symbol) [0x00007FF68EF21B11]\nE   \tGetHandleVerifier [0x00007FF68F3C881D+3294093]\nE   \tGetHandleVerifier [0x00007FF68F414403+3604339]\nE   \tGetHandleVerifier [0x00007FF68F40A2C7+3563063]\nE   \tGetHandleVerifier [0x00007FF68F166F16+797318]\nE   \t(No symbol) [0x00007FF68F02986F]\nE   \t(No symbol) [0x00007FF68F025454]\nE   \t(No symbol) [0x00007FF68F0255E0]\nE   \t(No symbol) [0x00007FF68F014A7F]\nE   \tBaseThreadInitThunk [0x00007FF955407374+20]\nE   \tRtlUserThreadStart [0x00007FF95695CC91+33]\n        e          = <selenium.webdriver.remote.errorhandler.ErrorCode object at 0x000001B242C50410>\n        error_code = 'NO_SUCH_ELEMENT'\n        error_codes = ['ELEMENT_CLICK_INTERCEPTED', 'ELEMENT_IS_NOT_SELECTABLE', 'ELEMENT_NOT_INTERACTABLE', 'ELEMENT_NOT_VISIBLE', 'IME_ENGINE_ACTIVATION_FAILED', 'IME_NOT_AVAILABLE', ...]\n        error_info = [7, 'no such element']\n        exception_class = <class 'selenium.common.exceptions.NoSuchElementException'>\n        json       = <module 'json' from 'C:\\\\Users\\\\sasha\\\\AppData\\\\Local\\\\Programs\\\\Python\\\\Python312\\\\Lib\\\\json\\\\__init__.py'>\n        message    = 'no such element: Unable to locate element: {\"method\":\"css selector\",\"selector\":\"[class*=\\'tab-featured active\\']\"}\\n  (Session info: chrome=128.0.6613.85)'\n        response   = {'status': 404, 'value': '{\"value\":{\"error\":\"no such element\",\"message\":\"no such element: Unable to locate element: {\\...07FF68F014A7F]\\\\n\\\\tBaseThreadInitThunk [0x00007FF955407374+20]\\\\n\\\\tRtlUserThreadStart [0x00007FF95695CC91+33]\\\\n\"}}'}\n        screen     = None\n        self       = <selenium.webdriver.remote.errorhandler.ErrorHandler object at 0x000001B242033560>\n        st_value   = '\\tGetHandleVerifier [0x00007FF68F0AB632+29090]\\n\\t(No symbol) [0x00007FF68F01E6E9]\\n\\t(No symbol) [0x00007FF68EEDB1CA...l) [0x00007FF68F014A7F]\\n\\tBaseThreadInitThunk [0x00007FF955407374+20]\\n\\tRtlUserThreadStart [0x00007FF95695CC91+33]\\n'\n        stacktrace = ['\\tGetHandleVerifier [0x00007FF68F0AB632+29090]', '\\t(No symbol) [0x00007FF68F01E6E9]', '\\t(No symbol) [0x00007FF68EE... '\\t(No symbol) [0x00007FF68EF2EFD7]', '\\t(No symbol) [0x00007FF68EF2F22C]', '\\t(No symbol) [0x00007FF68EF797F7]', ...]\n        status     = 'no such element'\n        value      = {'error': 'no such element', 'message': 'no such element: Unable to locate element: {\"method\":\"css selector\",\"selector...) [0x00007FF68F014A7F]\\n\\tBaseThreadInitThunk [0x00007FF955407374+20]\\n\\tRtlUserThreadStart [0x00007FF95695CC91+33]\\n'}\n        value_json = '{\"value\":{\"error\":\"no such element\",\"message\":\"no such element: Unable to locate element: {\\\\\"method\\\\\":\\\\\"css select...007FF68F014A7F]\\\\n\\\\tBaseThreadInitThunk [0x00007FF955407374+20]\\\\n\\\\tRtlUserThreadStart [0x00007FF95695CC91+33]\\\\n\"}}'"}, "description": "\n    Test case WERT-2\n    ", "start": 1724857860551, "stop": 1724857865857, "uuid": "625782aa-5d36-47d5-ad4e-af9174152ea7", "historyId": "b023c9c826d4997064cfe259ba86bc05", "testCaseId": "b023c9c826d4997064cfe259ba86bc05", "fullName": "tests.test_first#test_product_view_sku", "labels": [{"name": "parentSuite", "value": "tests"}, {"name": "suite", "value": "test_first"}, {"name": "host", "value": "DESKTOP-C5PQDPH"}, {"name": "thread", "value": "7236-MainThread"}, {"name": "framework", "value": "pytest"}, {"name": "language", "value": "cpython3"}, {"name": "package", "value": "tests.test_first"}]}