{"name": "test_products_group", "status": "skipped", "statusDetails": {"message": "XFAIL Wait for fix bug\n\nselenium.common.exceptions.ElementClickInterceptedException: Message: element click intercepted: Element <a href=\"https://test-shop.qa.studio?products_group=sale\" class=\"tab-sale \">...</a> is not clickable at point (900, 748). Other element would receive the click: <div class=\"catalog-toolbar-tabs__content\">...</div>\n  (Session info: chrome=128.0.6613.85)\nStacktrace:\n\tGetHandleVerifier [0x00007FF68F0AB632+29090]\n\t(No symbol) [0x00007FF68F01E6E9]\n\t(No symbol) [0x00007FF68EEDB1CA]\n\t(No symbol) [0x00007FF68EF36C0E]\n\t(No symbol) [0x00007FF68EF34682]\n\t(No symbol) [0x00007FF68EF31B9B]\n\t(No symbol) [0x00007FF68EF30DB5]\n\t(No symbol) [0x00007FF68EF22D61]\n\t(No symbol) [0x00007FF68EF566EA]\n\t(No symbol) [0x00007FF68EF226A6]\n\t(No symbol) [0x00007FF68EF56900]\n\t(No symbol) [0x00007FF68EF765D9]\n\t(No symbol) [0x00007FF68EF56493]\n\t(No symbol) [0x00007FF68EF209B1]\n\t(No symbol) [0x00007FF68EF21B11]\n\tGetHandleVerifier [0x00007FF68F3C881D+3294093]\n\tGetHandleVerifier [0x00007FF68F414403+3604339]\n\tGetHandleVerifier [0x00007FF68F40A2C7+3563063]\n\tGetHandleVerifier [0x00007FF68F166F16+797318]\n\t(No symbol) [0x00007FF68F02986F]\n\t(No symbol) [0x00007FF68F025454]\n\t(No symbol) [0x00007FF68F0255E0]\n\t(No symbol) [0x00007FF68F014A7F]\n\tBaseThreadInitThunk [0x00007FF955407374+20]\n\tRtlUserThreadStart [0x00007FF95695CC91+33]", "trace": "tests\\test_shop.py:48: in test_products_group\n    element.click()\n        browser    = <selenium.webdriver.chrome.webdriver.WebDriver (session=\"e427ad8edbb33ea6d07737252a3613fa\")>\n        element    = <selenium.webdriver.remote.webelement.WebElement (session=\"e427ad8edbb33ea6d07737252a3613fa\", element=\"f.F631B9922B0051A8064F312ABB6278E6.d.2AA82AFFAE8943797B9A50D806FAEE71.e.189\")>\n        elements   = [<selenium.webdriver.remote.webelement.WebElement (session=\"e427ad8edbb33ea6d07737252a3613fa\", element=\"f.F631B9922B00...7ad8edbb33ea6d07737252a3613fa\", element=\"f.F631B9922B0051A8064F312ABB6278E6.d.23506DDC63D77D4A61D9ABF5F6DCEC90.e.75\")>]\n        expected_menu = [('Все', '', \"[class='tab-all active']\"), ('Бестселлеры', '/?products_group=best_sellers', \"[class='tab-best_sellers '... '/?products_group=new', \"[class='tab-new ']\"), ('Распродажа товаров', '/?products_group=sale', \"[class='tab-sale ']\")]\n        item       = ('Распродажа товаров', '/?products_group=sale', \"[class='tab-sale ']\")\n        menu_element = \"[class='catalog-toolbar-tabs__content'] a\"\nenv\\Lib\\site-packages\\selenium\\webdriver\\remote\\webelement.py:94: in click\n    self._execute(Command.CLICK_ELEMENT)\n        self       = <selenium.webdriver.remote.webelement.WebElement (session=\"e427ad8edbb33ea6d07737252a3613fa\", element=\"f.F631B9922B0051A8064F312ABB6278E6.d.2AA82AFFAE8943797B9A50D806FAEE71.e.189\")>\nenv\\Lib\\site-packages\\selenium\\webdriver\\remote\\webelement.py:395: in _execute\n    return self._parent.execute(command, params)\n        command    = 'clickElement'\n        params     = {'id': 'f.F631B9922B0051A8064F312ABB6278E6.d.2AA82AFFAE8943797B9A50D806FAEE71.e.189'}\n        self       = <selenium.webdriver.remote.webelement.WebElement (session=\"e427ad8edbb33ea6d07737252a3613fa\", element=\"f.F631B9922B0051A8064F312ABB6278E6.d.2AA82AFFAE8943797B9A50D806FAEE71.e.189\")>\nenv\\Lib\\site-packages\\selenium\\webdriver\\remote\\webdriver.py:354: in execute\n    self.error_handler.check_response(response)\n        driver_command = 'clickElement'\n        params     = {}\n        response   = {'status': 400, 'value': '{\"value\":{\"error\":\"element click intercepted\",\"message\":\"element click intercepted: Element ...07FF68F014A7F]\\\\n\\\\tBaseThreadInitThunk [0x00007FF955407374+20]\\\\n\\\\tRtlUserThreadStart [0x00007FF95695CC91+33]\\\\n\"}}'}\n        self       = <selenium.webdriver.chrome.webdriver.WebDriver (session=\"e427ad8edbb33ea6d07737252a3613fa\")>\nenv\\Lib\\site-packages\\selenium\\webdriver\\remote\\errorhandler.py:229: in check_response\n    raise exception_class(message, screen, stacktrace)\nE   selenium.common.exceptions.ElementClickInterceptedException: Message: element click intercepted: Element <a href=\"https://test-shop.qa.studio?products_group=sale\" class=\"tab-sale \">...</a> is not clickable at point (900, 748). Other element would receive the click: <div class=\"catalog-toolbar-tabs__content\">...</div>\nE     (Session info: chrome=128.0.6613.85)\nE   Stacktrace:\nE   \tGetHandleVerifier [0x00007FF68F0AB632+29090]\nE   \t(No symbol) [0x00007FF68F01E6E9]\nE   \t(No symbol) [0x00007FF68EEDB1CA]\nE   \t(No symbol) [0x00007FF68EF36C0E]\nE   \t(No symbol) [0x00007FF68EF34682]\nE   \t(No symbol) [0x00007FF68EF31B9B]\nE   \t(No symbol) [0x00007FF68EF30DB5]\nE   \t(No symbol) [0x00007FF68EF22D61]\nE   \t(No symbol) [0x00007FF68EF566EA]\nE   \t(No symbol) [0x00007FF68EF226A6]\nE   \t(No symbol) [0x00007FF68EF56900]\nE   \t(No symbol) [0x00007FF68EF765D9]\nE   \t(No symbol) [0x00007FF68EF56493]\nE   \t(No symbol) [0x00007FF68EF209B1]\nE   \t(No symbol) [0x00007FF68EF21B11]\nE   \tGetHandleVerifier [0x00007FF68F3C881D+3294093]\nE   \tGetHandleVerifier [0x00007FF68F414403+3604339]\nE   \tGetHandleVerifier [0x00007FF68F40A2C7+3563063]\nE   \tGetHandleVerifier [0x00007FF68F166F16+797318]\nE   \t(No symbol) [0x00007FF68F02986F]\nE   \t(No symbol) [0x00007FF68F025454]\nE   \t(No symbol) [0x00007FF68F0255E0]\nE   \t(No symbol) [0x00007FF68F014A7F]\nE   \tBaseThreadInitThunk [0x00007FF955407374+20]\nE   \tRtlUserThreadStart [0x00007FF95695CC91+33]\n        e          = <selenium.webdriver.remote.errorhandler.ErrorCode object at 0x000001B242C93A10>\n        error_code = 'ELEMENT_CLICK_INTERCEPTED'\n        error_codes = ['ELEMENT_CLICK_INTERCEPTED', 'ELEMENT_IS_NOT_SELECTABLE', 'ELEMENT_NOT_INTERACTABLE', 'ELEMENT_NOT_VISIBLE', 'IME_ENGINE_ACTIVATION_FAILED', 'IME_NOT_AVAILABLE', ...]\n        error_info = [64, 'element click intercepted']\n        exception_class = <class 'selenium.common.exceptions.ElementClickInterceptedException'>\n        json       = <module 'json' from 'C:\\\\Users\\\\sasha\\\\AppData\\\\Local\\\\Programs\\\\Python\\\\Python312\\\\Lib\\\\json\\\\__init__.py'>\n        message    = 'element click intercepted: Element <a href=\"https://test-shop.qa.studio?products_group=sale\" class=\"tab-sale \">...</a... would receive the click: <div class=\"catalog-toolbar-tabs__content\">...</div>\\n  (Session info: chrome=128.0.6613.85)'\n        response   = {'status': 400, 'value': '{\"value\":{\"error\":\"element click intercepted\",\"message\":\"element click intercepted: Element ...07FF68F014A7F]\\\\n\\\\tBaseThreadInitThunk [0x00007FF955407374+20]\\\\n\\\\tRtlUserThreadStart [0x00007FF95695CC91+33]\\\\n\"}}'}\n        screen     = None\n        self       = <selenium.webdriver.remote.errorhandler.ErrorHandler object at 0x000001B242C92630>\n        st_value   = '\\tGetHandleVerifier [0x00007FF68F0AB632+29090]\\n\\t(No symbol) [0x00007FF68F01E6E9]\\n\\t(No symbol) [0x00007FF68EEDB1CA...l) [0x00007FF68F014A7F]\\n\\tBaseThreadInitThunk [0x00007FF955407374+20]\\n\\tRtlUserThreadStart [0x00007FF95695CC91+33]\\n'\n        stacktrace = ['\\tGetHandleVerifier [0x00007FF68F0AB632+29090]', '\\t(No symbol) [0x00007FF68F01E6E9]', '\\t(No symbol) [0x00007FF68EE... '\\t(No symbol) [0x00007FF68EF36C0E]', '\\t(No symbol) [0x00007FF68EF34682]', '\\t(No symbol) [0x00007FF68EF31B9B]', ...]\n        status     = 'element click intercepted'\n        value      = {'error': 'element click intercepted', 'message': 'element click intercepted: Element <a href=\"https://test-shop.qa.st...) [0x00007FF68F014A7F]\\n\\tBaseThreadInitThunk [0x00007FF955407374+20]\\n\\tRtlUserThreadStart [0x00007FF95695CC91+33]\\n'}\n        value_json = '{\"value\":{\"error\":\"element click intercepted\",\"message\":\"element click intercepted: Element \\\\u003Ca href=\\\\\"https://...007FF68F014A7F]\\\\n\\\\tBaseThreadInitThunk [0x00007FF955407374+20]\\\\n\\\\tRtlUserThreadStart [0x00007FF95695CC91+33]\\\\n\"}}'"}, "description": "\n    Test case TC-2\n    ", "start": 1724857871565, "stop": 1724857878823, "uuid": "1e7a0e2e-4ba4-4bb4-a6b0-6b96534e0c93", "historyId": "4fdd6adba16e950b161eae73ef4ccb14", "testCaseId": "4fdd6adba16e950b161eae73ef4ccb14", "fullName": "tests.test_shop#test_products_group", "labels": [{"name": "tag", "value": "@pytest.mark.xfail(reason='Wait for fix bug')"}, {"name": "parentSuite", "value": "tests"}, {"name": "suite", "value": "test_shop"}, {"name": "host", "value": "DESKTOP-C5PQDPH"}, {"name": "thread", "value": "7236-MainThread"}, {"name": "framework", "value": "pytest"}, {"name": "language", "value": "cpython3"}, {"name": "package", "value": "tests.test_shop"}]}